This file serves to provide a means to keep track of all the little things in the code that I don't want in production.
It will list things such as:
	TODO comments
	Development hacks/extra code
	Development settings to be changed in production

***************************************************************************************************

** Frontend
List view
	Add tasklist options
		Spacing
		Hide complete tasks
		Toggle style view

Add buttons to task details

Create unit tests for Tag
Create unit tests for Task


** Backend
Move compiled/js out of .site or create external links.
	Then move restricting .htaccess to .site folder

Userdata/mockuserdata (getTimescopes)
ListProcessor getTaskHash/getTimescopeHash/getTagHash
SingleTagView - SingleListView - MultiTagView convert to using UserData methods (autogenerated)